<?xml version="1.0" encoding="UTF-8"?>
<testsuite xmlns:xsi="http://www.w3.org/2001/XMLSchema-instance" xsi:noNamespaceSchemaLocation="https://maven.apache.org/surefire/maven-surefire-plugin/xsd/surefire-test-report-3.0.xsd" version="3.0" name="com.expensetracker.service.AuthServiceTest" time="1.154" tests="5" errors="0" skipped="0" failures="0">
  <properties>
[...]
</properties>
  <testcase name="login_ShouldReturnAuthResponse_WhenCredentialsAreValid" classname="com.expensetracker.service.AuthServiceTest" time="1.07"/>
  <testcase name="signup_ShouldCreateUserAndReturnAuthResponse" classname="com.expensetracker.service.AuthServiceTest" time="0.021"/>
  <testcase name="signup_ShouldThrowException_WhenEmailAlreadyExists" classname="com.expensetracker.service.AuthServiceTest" time="0.006"/>
  <testcase name="login_ShouldThrowException_WhenUserNotFound" classname="com.expensetracker.service.AuthServiceTest" time="0.004"/>
  <testcase name="login_ShouldThrowException_WhenPasswordIsInvalid" classname="com.expensetracker.service.AuthServiceTest" time="0.006"/>
</testsuite>