<?xml version="1.0" encoding="UTF-8"?>
<testsuite xmlns:xsi="http://www.w3.org/2001/XMLSchema-instance" xsi:noNamespaceSchemaLocation="https://maven.apache.org/surefire/maven-surefire-plugin/xsd/surefire-test-report-3.0.xsd" version="3.0" name="com.expensetracker.controller.AuthControllerTest" time="2.563" tests="5" errors="0" skipped="0" failures="0">
  <properties>
[...]
</properties>
  <testcase name="login_ShouldReturnOk_WhenCredentialsAreValid" classname="com.expensetracker.controller.AuthControllerTest" time="0.217">
    <system-out><![CDATA[Standard Commons Logging discovery in action with spring-jcl: please remove commons-logging.jar from classpath in order to avoid potential conflicts
19:00:40.420 [main] INFO org.springframework.test.context.support.AnnotationConfigContextLoaderUtils -- Could not detect default configuration classes for test class [com.expensetracker.controller.AuthControllerTest]: AuthControllerTest does not declare any static, non-private, non-final, nested classes annotated with @Configuration.
19:00:40.575 [main] INFO org.springframework.boot.test.context.SpringBootTestContextBootstrapper -- Found @SpringBootConfiguration com.expensetracker.ExpenseTrackerApplication for test class com.expensetracker.controller.AuthControllerTest

  .   ____          _            __ _ _
 /\\ / ___'_ __ _ _(_)_ __  __ _ \ \ \ \
( ( )\___ | '_ | '_| | '_ \/ _` | \ \ \ \
 \\/  ___)| |_)| | | | | || (_| |  ) ) ) )
  '  |____| .__|_| |_|_| |_\__, | / / / /
 =========|_|==============|___/=/_/_/_/
 :: Spring Boot ::                (v3.2.1)

2025-08-27 19:00:40 - Starting AuthControllerTest using Java 17.0.16 with PID 4230 (started by runner in /home/runner/work/expense-tracker/expense-tracker/backend)
2025-08-27 19:00:40 - Running with Spring Boot v3.2.1, Spring v6.1.2
2025-08-27 19:00:40 - No active profile set, falling back to 1 default profile: "default"
2025-08-27 19:00:41 - 

Using generated security password: c547f83e-71c6-4a1d-92c6-0f2ed75c22f8

This generated password is for development use only. Your security configuration must be updated before running your application in production.

2025-08-27 19:00:42 - Will secure any request with [org.springframework.security.web.session.DisableEncodeUrlFilter@1bea7b0, org.springframework.security.web.context.request.async.WebAsyncManagerIntegrationFilter@31433df9, org.springframework.security.web.context.SecurityContextHolderFilter@7be62956, org.springframework.security.web.header.HeaderWriterFilter@7507d96c, org.springframework.web.filter.CorsFilter@2d4a0671, org.springframework.security.web.authentication.logout.LogoutFilter@73d83141, org.springframework.security.web.savedrequest.RequestCacheAwareFilter@452ec287, org.springframework.security.web.servletapi.SecurityContextHolderAwareRequestFilter@41404aa2, org.springframework.security.web.authentication.AnonymousAuthenticationFilter@1ab9c735, org.springframework.security.web.access.ExceptionTranslationFilter@4b9fa2f, org.springframework.security.web.access.intercept.AuthorizationFilter@13d1f898]
2025-08-27 19:00:42 - Initializing Spring TestDispatcherServlet ''
2025-08-27 19:00:42 - Initializing Servlet ''
2025-08-27 19:00:42 - Completed initialization in 1 ms
2025-08-27 19:00:42 - Started AuthControllerTest in 1.882 seconds (process running for 3.998)
2025-08-27 19:00:42 - Securing POST /api/v1/auth/login
2025-08-27 19:00:42 - Secured POST /api/v1/auth/login
2025-08-27 19:00:42 - Set SecurityContextHolder to anonymous SecurityContext
]]></system-out>
  </testcase>
  <testcase name="logout_ShouldReturnOk" classname="com.expensetracker.controller.AuthControllerTest" time="0.008">
    <system-out><![CDATA[2025-08-27 19:00:42 - Securing POST /api/v1/auth/logout
2025-08-27 19:00:42 - Secured POST /api/v1/auth/logout
2025-08-27 19:00:42 - Set SecurityContextHolder to anonymous SecurityContext
]]></system-out>
  </testcase>
  <testcase name="signup_ShouldReturnBadRequest_WhenPasswordIsTooShort" classname="com.expensetracker.controller.AuthControllerTest" time="0.024">
    <system-out><![CDATA[2025-08-27 19:00:42 - Securing POST /api/v1/auth/signup
2025-08-27 19:00:42 - Secured POST /api/v1/auth/signup
2025-08-27 19:00:42 - Resolved [org.springframework.web.bind.MethodArgumentNotValidException: Validation failed for argument [0] in public org.springframework.http.ResponseEntity<com.expensetracker.dto.auth.AuthResponse> com.expensetracker.controller.AuthController.signup(com.expensetracker.dto.auth.SignupRequest): [Field error in object 'signupRequest' on field 'password': rejected value [123]; codes [Size.signupRequest.password,Size.password,Size.java.lang.String,Size]; arguments [org.springframework.context.support.DefaultMessageSourceResolvable: codes [signupRequest.password,password]; arguments []; default message [password],2147483647,8]; default message [Password must be at least 8 characters]] ]
2025-08-27 19:00:42 - Set SecurityContextHolder to anonymous SecurityContext
]]></system-out>
  </testcase>
  <testcase name="signup_ShouldReturnBadRequest_WhenEmailIsInvalid" classname="com.expensetracker.controller.AuthControllerTest" time="0.007">
    <system-out><![CDATA[2025-08-27 19:00:42 - Securing POST /api/v1/auth/signup
2025-08-27 19:00:42 - Secured POST /api/v1/auth/signup
2025-08-27 19:00:42 - Resolved [org.springframework.web.bind.MethodArgumentNotValidException: Validation failed for argument [0] in public org.springframework.http.ResponseEntity<com.expensetracker.dto.auth.AuthResponse> com.expensetracker.controller.AuthController.signup(com.expensetracker.dto.auth.SignupRequest): [Field error in object 'signupRequest' on field 'email': rejected value [invalid-email]; codes [Email.signupRequest.email,Email.email,Email.java.lang.String,Email]; arguments [org.springframework.context.support.DefaultMessageSourceResolvable: codes [signupRequest.email,email]; arguments []; default message [email],[Ljakarta.validation.constraints.Pattern$Flag;@6dfebd2a,.*]; default message [Invalid email format]] ]
2025-08-27 19:00:42 - Set SecurityContextHolder to anonymous SecurityContext
]]></system-out>
  </testcase>
  <testcase name="signup_ShouldReturnCreated_WhenRequestIsValid" classname="com.expensetracker.controller.AuthControllerTest" time="0.008">
    <system-out><![CDATA[2025-08-27 19:00:42 - Securing POST /api/v1/auth/signup
2025-08-27 19:00:42 - Secured POST /api/v1/auth/signup
2025-08-27 19:00:42 - Set SecurityContextHolder to anonymous SecurityContext
]]></system-out>
  </testcase>
</testsuite>